admin['$cmd'].find({:ismaster=>1}, {}).limit(-1)
admin['$cmd'].find({:ismaster=>1}, {}).limit(-1)


Started GET "/projects/index" for 127.0.0.1 at Sat Jan 22 18:56:30 -0800 2011
[Barista] Compiling all scripts for barista
[Barista] Compiling all coffeescripts

ActionController::RoutingError (No route matches "/projects/index"):
  

Rendered mongoid/ruby/1.8/gems/actionpack-3.0.3/lib/action_dispatch/middleware/templates/rescues/routing_error.erb within rescues/layout (1.0ms)


Started GET "/projects/index" for 127.0.0.1 at Sat Jan 22 18:57:02 -0800 2011
[Barista] Compiling all scripts for barista
[Barista] Compiling all coffeescripts

ActionController::RoutingError (undefined local variable or method `inherited_resources' for MainController:Class):
  app/controllers/main_controller.rb:2
  app/controllers/projects_controller.rb:1

Rendered mongoid/ruby/1.8/gems/actionpack-3.0.3/lib/action_dispatch/middleware/templates/rescues/routing_error.erb within rescues/layout (1.0ms)


Started GET "/projects/index" for 127.0.0.1 at Sat Jan 22 18:57:19 -0800 2011
[Barista] Compiling all scripts for barista
[Barista] Compiling all coffeescripts

ActionController::RoutingError (undefined local variable or method `inherited_resource' for MainController:Class):
  app/controllers/main_controller.rb:2
  app/controllers/projects_controller.rb:1

Rendered mongoid/ruby/1.8/gems/actionpack-3.0.3/lib/action_dispatch/middleware/templates/rescues/routing_error.erb within rescues/layout (0.8ms)


Started GET "/projects/index" for 127.0.0.1 at Sat Jan 22 18:58:35 -0800 2011
[Barista] Compiling all scripts for barista
[Barista] Compiling all coffeescripts
  Processing by ProjectsController#show as HTML
  Parameters: {"id"=>"index"}
Completed   in 1ms

NoMethodError (You have a nil object when you didn't expect it!
You might have expected an instance of Array.
The error occurred while evaluating nil.find):
  

Rendered mongoid/ruby/1.8/gems/actionpack-3.0.3/lib/action_dispatch/middleware/templates/rescues/_trace.erb (0.9ms)
Rendered mongoid/ruby/1.8/gems/actionpack-3.0.3/lib/action_dispatch/middleware/templates/rescues/_request_and_response.erb (45.8ms)
Rendered mongoid/ruby/1.8/gems/actionpack-3.0.3/lib/action_dispatch/middleware/templates/rescues/diagnostics.erb within rescues/layout (53.1ms)
admin['$cmd'].find({:ismaster=>1}, {}).limit(-1)
admin['$cmd'].find({:ismaster=>1}, {}).limit(-1)
admin['$cmd'].find({:ismaster=>1}, {}).limit(-1)
admin['$cmd'].find({:ismaster=>1}, {}).limit(-1)
admin['$cmd'].find({:ismaster=>1}, {}).limit(-1)
admin['$cmd'].find({:ismaster=>1}, {}).limit(-1)
admin['$cmd'].find({:ismaster=>1}, {}).limit(-1)
admin['$cmd'].find({:ismaster=>1}, {}).limit(-1)
admin['$cmd'].find({:ismaster=>1}, {}).limit(-1)
admin['$cmd'].find({:ismaster=>1}, {}).limit(-1)
admin['$cmd'].find({:ismaster=>1}, {}).limit(-1)
admin['$cmd'].find({:ismaster=>1}, {}).limit(-1)
admin['$cmd'].find({:ismaster=>1}, {}).limit(-1)
admin['$cmd'].find({:ismaster=>1}, {}).limit(-1)
admin['$cmd'].find({:ismaster=>1}, {}).limit(-1)
admin['$cmd'].find({:ismaster=>1}, {}).limit(-1)
admin['$cmd'].find({:ismaster=>1}, {}).limit(-1)
admin['$cmd'].find({:ismaster=>1}, {}).limit(-1)
admin['$cmd'].find({:ismaster=>1}, {}).limit(-1)
admin['$cmd'].find({:ismaster=>1}, {}).limit(-1)
admin['$cmd'].find({:ismaster=>1}, {}).limit(-1)
admin['$cmd'].find({:ismaster=>1}, {}).limit(-1)
admin['$cmd'].find({:ismaster=>1}, {}).limit(-1)
admin['$cmd'].find({:ismaster=>1}, {}).limit(-1)
admin['$cmd'].find({:ismaster=>1}, {}).limit(-1)
admin['$cmd'].find({:ismaster=>1}, {}).limit(-1)
admin['$cmd'].find({:ismaster=>1}, {}).limit(-1)
admin['$cmd'].find({:ismaster=>1}, {}).limit(-1)
admin['$cmd'].find({:ismaster=>1}, {}).limit(-1)
admin['$cmd'].find({:ismaster=>1}, {}).limit(-1)
admin['$cmd'].find({:ismaster=>1}, {}).limit(-1)
admin['$cmd'].find({:ismaster=>1}, {}).limit(-1)
admin['$cmd'].find({:ismaster=>1}, {}).limit(-1)
admin['$cmd'].find({:ismaster=>1}, {}).limit(-1)
admin['$cmd'].find({:ismaster=>1}, {}).limit(-1)
admin['$cmd'].find({:ismaster=>1}, {}).limit(-1)
admin['$cmd'].find({:ismaster=>1}, {}).limit(-1)
admin['$cmd'].find({:ismaster=>1}, {}).limit(-1)
admin['$cmd'].find({:ismaster=>1}, {}).limit(-1)
admin['$cmd'].find({:ismaster=>1}, {}).limit(-1)


Started GET "/" for 127.0.0.1 at Sat Jan 22 21:49:58 -0800 2011

Errno::ENOENT (No such file or directory - /Users/micah/rails/chuckabuck/mongoid/ruby/1.8/gems/activesupport-3.0.3/lib/active_support/locale/en.yml):
  



Started GET "/" for 127.0.0.1 at Sat Jan 22 21:50:01 -0800 2011

Errno::ENOENT (No such file or directory - /Users/micah/rails/chuckabuck/mongoid/ruby/1.8/gems/activesupport-3.0.3/lib/active_support/locale/en.yml):
  

admin['$cmd'].find({:ismaster=>1}, {}).limit(-1)
admin['$cmd'].find({:ismaster=>1}, {}).limit(-1)


Started GET "/" for 127.0.0.1 at Sat Jan 22 21:50:57 -0800 2011
[Barista] Compiling all scripts for barista
[Barista] Compiling all coffeescripts
  Processing by MainController#index as HTML
Rendered main/index.html.haml within layouts/application (32.0ms)
Completed 200 OK in 40ms (Views: 39.7ms)


Started GET "/images/login-button.png" for 127.0.0.1 at Sat Jan 22 21:50:57 -0800 2011
[Barista] Compiling all scripts for barista
[Barista] Compiling all coffeescripts

ActionController::RoutingError (No route matches "/images/login-button.png"):
  

Rendered /Users/micah/.rvm/gems/ruby-1.8.7-p299/gems/actionpack-3.0.3/lib/action_dispatch/middleware/templates/rescues/routing_error.erb within rescues/layout (0.9ms)


Started GET "/" for 127.0.0.1 at Sat Jan 22 21:51:56 -0800 2011
[Barista] Compiling all scripts for barista
[Barista] Compiling all coffeescripts
  Processing by MainController#index as HTML
Rendered main/index.html.haml within layouts/application (3.7ms)
Completed 200 OK in 12ms (Views: 11.7ms)


Started GET "/" for 127.0.0.1 at Sat Jan 22 21:52:48 -0800 2011
[Barista] Compiling all scripts for barista
[Barista] Compiling all coffeescripts
  Processing by MainController#index as HTML
Rendered main/index.html.haml within layouts/application (18.7ms)
Completed 200 OK in 27ms (Views: 26.2ms)


Started GET "/people/auth/facebook" for 127.0.0.1 at Sat Jan 22 21:52:50 -0800 2011
[Barista] Compiling all scripts for barista
[Barista] Compiling all coffeescripts


Started GET "/" for 127.0.0.1 at Sat Jan 22 21:53:52 -0800 2011
[Barista] Compiling all scripts for barista
[Barista] Compiling all coffeescripts
  Processing by MainController#index as HTML
Rendered main/index.html.haml within layouts/application (3.4ms)
Completed 200 OK in 12ms (Views: 11.5ms)


Started GET "/people/auth/facebook" for 127.0.0.1 at Sat Jan 22 22:04:43 -0800 2011
[Barista] Compiling all scripts for barista
[Barista] Compiling all coffeescripts
admin['$cmd'].find({:ismaster=>1}, {}).limit(-1)
admin['$cmd'].find({:ismaster=>1}, {}).limit(-1)


Started GET "/" for 127.0.0.1 at Sat Jan 22 22:21:36 -0800 2011
[Barista] Compiling all scripts for barista
[Barista] Compiling all coffeescripts
  Processing by MainController#index as HTML
Rendered main/index.html.haml within layouts/application (37.5ms)
Completed 200 OK in 47ms (Views: 46.4ms)


Started GET "/stylesheets/compass/reset.css" for 127.0.0.1 at Sat Jan 22 22:21:36 -0800 2011
[Barista] Compiling all scripts for barista
[Barista] Compiling all coffeescripts

ActionController::RoutingError (No route matches "/stylesheets/compass/reset.css"):
  

Rendered /Users/micah/.rvm/gems/ruby-1.8.7-p299/gems/actionpack-3.0.3/lib/action_dispatch/middleware/templates/rescues/routing_error.erb within rescues/layout (0.9ms)


Started GET "/" for 127.0.0.1 at Sat Jan 22 22:22:49 -0800 2011
[Barista] Compiling all scripts for barista
[Barista] Compiling all coffeescripts
  Processing by MainController#index as HTML
Rendered main/index.html.haml within layouts/application (8.1ms)
Completed 200 OK in 19ms (Views: 18.2ms)


Started GET "/" for 127.0.0.1 at Sat Jan 22 22:23:17 -0800 2011
[Barista] Compiling all scripts for barista
[Barista] Compiling all coffeescripts
  Processing by MainController#index as HTML
Rendered main/index.html.haml within layouts/application (6.1ms)
Completed 200 OK in 15ms (Views: 14.3ms)


Started GET "/" for 127.0.0.1 at Sat Jan 22 22:23:32 -0800 2011
[Barista] Compiling all scripts for barista
[Barista] Compiling all coffeescripts
  Processing by MainController#index as HTML
Rendered main/index.html.haml within layouts/application (112.2ms)
Completed 200 OK in 123ms (Views: 122.1ms)


Started GET "/" for 127.0.0.1 at Sat Jan 22 22:26:30 -0800 2011
[Barista] Compiling all scripts for barista
[Barista] Compiling all coffeescripts
  Processing by MainController#index as HTML
Rendered main/index.html.haml within layouts/application (6.7ms)
Completed 200 OK in 13ms (Views: 12.7ms)


Started GET "/" for 127.0.0.1 at Sat Jan 22 22:33:22 -0800 2011
[Barista] Compiling all scripts for barista
[Barista] Compiling all coffeescripts
  Processing by MainController#index as HTML
Rendered main/index.html.haml within layouts/application (7.2ms)
Completed 200 OK in 17ms (Views: 16.6ms)


Started GET "/" for 127.0.0.1 at Sat Jan 22 22:33:24 -0800 2011
[Barista] Compiling all scripts for barista
[Barista] Compiling all coffeescripts
  Processing by MainController#index as HTML
Rendered main/index.html.haml within layouts/application (7.9ms)
Completed 200 OK in 18ms (Views: 17.3ms)


Started GET "/" for 127.0.0.1 at Sat Jan 22 22:34:13 -0800 2011
[Barista] Compiling all scripts for barista
[Barista] Compiling all coffeescripts
  Processing by MainController#index as HTML
Rendered main/index.html.haml within layouts/application (10.3ms)
Completed 200 OK in 22ms (Views: 21.2ms)


Started GET "/" for 127.0.0.1 at Sat Jan 22 22:34:18 -0800 2011
[Barista] Compiling all scripts for barista
[Barista] Compiling all coffeescripts
  Processing by MainController#index as HTML
Rendered main/index.html.haml within layouts/application (7.9ms)
Completed 200 OK in 16ms (Views: 15.2ms)


Started GET "/" for 127.0.0.1 at Sat Jan 22 22:35:06 -0800 2011
[Barista] Compiling all scripts for barista
[Barista] Compiling all coffeescripts
  Processing by MainController#index as HTML
Rendered main/index.html.haml within layouts/application (9.3ms)
Completed 200 OK in 19ms (Views: 18.2ms)


Started GET "/" for 127.0.0.1 at Sat Jan 22 22:35:18 -0800 2011
[Barista] Compiling all scripts for barista
[Barista] Compiling all coffeescripts
  Processing by MainController#index as HTML
Rendered main/index.html.haml within layouts/application (14.1ms)
Completed 200 OK in 25ms (Views: 24.0ms)


Started GET "/" for 127.0.0.1 at Sat Jan 22 22:39:11 -0800 2011
[Barista] Compiling all scripts for barista
[Barista] Compiling all coffeescripts
  Processing by MainController#index as HTML
Rendered main/index.html.haml within layouts/application (10.3ms)
Completed 200 OK in 20ms (Views: 19.0ms)


Started GET "/" for 127.0.0.1 at Sat Jan 22 22:40:09 -0800 2011
[Barista] Compiling all scripts for barista
[Barista] Compiling all coffeescripts
  Processing by MainController#index as HTML
Rendered main/index.html.haml within layouts/application (11.9ms)
Completed 200 OK in 23ms (Views: 22.8ms)


Started GET "/" for 127.0.0.1 at Sat Jan 22 22:40:47 -0800 2011
[Barista] Compiling all scripts for barista
[Barista] Compiling all coffeescripts
  Processing by MainController#index as HTML
Rendered main/index.html.haml within layouts/application (9.1ms)
Completed 200 OK in 21ms (Views: 20.4ms)


Started GET "/" for 127.0.0.1 at Sat Jan 22 22:41:20 -0800 2011
[Barista] Compiling all scripts for barista
[Barista] Compiling all coffeescripts
  Processing by MainController#index as HTML
Rendered main/index.html.haml within layouts/application (12.1ms)
Completed 200 OK in 22ms (Views: 21.4ms)


Started GET "/" for 127.0.0.1 at Sat Jan 22 22:42:39 -0800 2011
[Barista] Compiling all scripts for barista
[Barista] Compiling all coffeescripts
  Processing by MainController#index as HTML
Rendered main/index.html.haml within layouts/application (8.4ms)
Completed 200 OK in 17ms (Views: 16.4ms)


Started GET "/" for 127.0.0.1 at Sat Jan 22 22:43:10 -0800 2011
[Barista] Compiling all scripts for barista
[Barista] Compiling all coffeescripts
  Processing by MainController#index as HTML
Rendered main/index.html.haml within layouts/application (10.7ms)
Completed 200 OK in 21ms (Views: 21.0ms)


Started GET "/" for 127.0.0.1 at Sat Jan 22 22:45:50 -0800 2011
[Barista] Compiling all scripts for barista
[Barista] Compiling all coffeescripts
  Processing by MainController#index as HTML
Rendered main/index.html.haml within layouts/application (13.3ms)
Completed 200 OK in 25ms (Views: 24.5ms)


Started GET "/people/auth/facebook" for 127.0.0.1 at Sat Jan 22 22:46:14 -0800 2011
[Barista] Compiling all scripts for barista
[Barista] Compiling all coffeescripts


Started GET "/people/auth/facebook/callback?code=2.Q3ni3_Ai_H7x2TFc7V_KFQ__.3600.1295769600-682630020%7C8_O68SxZRjeT0DeFfi2uS2P4WyQ" for 127.0.0.1 at Sat Jan 22 22:46:29 -0800 2011
[Barista] Compiling all scripts for barista
[Barista] Compiling all coffeescripts
  Processing by People::OmniauthCallbacksController#facebook as HTML
  Parameters: {"code"=>"2.Q3ni3_Ai_H7x2TFc7V_KFQ__.3600.1295769600-682630020|8_O68SxZRjeT0DeFfi2uS2P4WyQ"}
admin['$cmd'].find({:ismaster=>1}, {}).limit(-1)
admin['$cmd'].find({:ismaster=>1}, {}).limit(-1)
chuckabuck_development['people'].find({:email=>nil}, {}).limit(-1)
Completed   in 93ms

Mongoid::Errors::Validations (Validation failed - Email can't be blank.):
  app/models/person.rb:33:in `find_for_facebook_oauth'
  app/controllers/people/omniauth_callbacks_controller.rb:3:in `facebook'

Rendered /Users/micah/.rvm/gems/ruby-1.8.7-p299/gems/actionpack-3.0.3/lib/action_dispatch/middleware/templates/rescues/_trace.erb (1.2ms)
Rendered /Users/micah/.rvm/gems/ruby-1.8.7-p299/gems/actionpack-3.0.3/lib/action_dispatch/middleware/templates/rescues/_request_and_response.erb (350.2ms)
Rendered /Users/micah/.rvm/gems/ruby-1.8.7-p299/gems/actionpack-3.0.3/lib/action_dispatch/middleware/templates/rescues/diagnostics.erb within rescues/layout (359.1ms)


Started GET "/people/auth/facebook/callback?code=2.Q3ni3_Ai_H7x2TFc7V_KFQ__.3600.1295769600-682630020%7C8_O68SxZRjeT0DeFfi2uS2P4WyQ" for 127.0.0.1 at Sat Jan 22 22:51:42 -0800 2011
[Barista] Compiling all scripts for barista
[Barista] Compiling all coffeescripts
  Processing by People::OmniauthCallbacksController#facebook as HTML
  Parameters: {"code"=>"2.Q3ni3_Ai_H7x2TFc7V_KFQ__.3600.1295769600-682630020|8_O68SxZRjeT0DeFfi2uS2P4WyQ"}
chuckabuck_development['people'].find({:email=>nil}, {}).limit(-1)
Completed   in 89ms

Mongoid::Errors::Validations (Validation failed - Email can't be blank.):
  app/models/person.rb:33:in `find_for_facebook_oauth'
  app/controllers/people/omniauth_callbacks_controller.rb:3:in `facebook'

Rendered /Users/micah/.rvm/gems/ruby-1.8.7-p299/gems/actionpack-3.0.3/lib/action_dispatch/middleware/templates/rescues/_trace.erb (0.9ms)
Rendered /Users/micah/.rvm/gems/ruby-1.8.7-p299/gems/actionpack-3.0.3/lib/action_dispatch/middleware/templates/rescues/_request_and_response.erb (263.6ms)
Rendered /Users/micah/.rvm/gems/ruby-1.8.7-p299/gems/actionpack-3.0.3/lib/action_dispatch/middleware/templates/rescues/diagnostics.erb within rescues/layout (358.3ms)


Started GET "/" for 127.0.0.1 at Sat Jan 22 22:51:49 -0800 2011
[Barista] Compiling all scripts for barista
[Barista] Compiling all coffeescripts
  Processing by MainController#index as HTML
Rendered main/index.html.haml within layouts/application (11.7ms)
Completed 200 OK in 20ms (Views: 19.0ms)


Started GET "/people/auth/facebook" for 127.0.0.1 at Sat Jan 22 22:51:50 -0800 2011
[Barista] Compiling all scripts for barista
[Barista] Compiling all coffeescripts


Started GET "/people/auth/facebook/callback?code=2.Q3ni3_Ai_H7x2TFc7V_KFQ__.3600.1295769600-682630020%7C8_O68SxZRjeT0DeFfi2uS2P4WyQ" for 127.0.0.1 at Sat Jan 22 22:51:51 -0800 2011
[Barista] Compiling all scripts for barista
[Barista] Compiling all coffeescripts
  Processing by People::OmniauthCallbacksController#facebook as HTML
  Parameters: {"code"=>"2.Q3ni3_Ai_H7x2TFc7V_KFQ__.3600.1295769600-682630020|8_O68SxZRjeT0DeFfi2uS2P4WyQ"}
chuckabuck_development['people'].find({:email=>nil}, {}).limit(-1)
Completed   in 87ms

Mongoid::Errors::Validations (Validation failed - Email can't be blank.):
  app/models/person.rb:33:in `find_for_facebook_oauth'
  app/controllers/people/omniauth_callbacks_controller.rb:3:in `facebook'

Rendered /Users/micah/.rvm/gems/ruby-1.8.7-p299/gems/actionpack-3.0.3/lib/action_dispatch/middleware/templates/rescues/_trace.erb (0.9ms)
Rendered /Users/micah/.rvm/gems/ruby-1.8.7-p299/gems/actionpack-3.0.3/lib/action_dispatch/middleware/templates/rescues/_request_and_response.erb (256.9ms)
Rendered /Users/micah/.rvm/gems/ruby-1.8.7-p299/gems/actionpack-3.0.3/lib/action_dispatch/middleware/templates/rescues/diagnostics.erb within rescues/layout (262.7ms)


Started GET "/people/auth/facebook" for 127.0.0.1 at Sat Jan 22 22:52:13 -0800 2011
[Barista] Compiling all scripts for barista
[Barista] Compiling all coffeescripts


Started GET "/people/auth/facebook/callback?code=2.Q3ni3_Ai_H7x2TFc7V_KFQ__.3600.1295769600-682630020%7C8_O68SxZRjeT0DeFfi2uS2P4WyQ" for 127.0.0.1 at Sat Jan 22 22:52:14 -0800 2011
[Barista] Compiling all scripts for barista
[Barista] Compiling all coffeescripts
  Processing by People::OmniauthCallbacksController#facebook as HTML
  Parameters: {"code"=>"2.Q3ni3_Ai_H7x2TFc7V_KFQ__.3600.1295769600-682630020|8_O68SxZRjeT0DeFfi2uS2P4WyQ"}
chuckabuck_development['people'].find({:email=>nil}, {}).limit(-1)
Completed   in 88ms

Mongoid::Errors::Validations (Validation failed - Email can't be blank.):
  app/models/person.rb:33:in `find_for_facebook_oauth'
  app/controllers/people/omniauth_callbacks_controller.rb:3:in `facebook'

Rendered /Users/micah/.rvm/gems/ruby-1.8.7-p299/gems/actionpack-3.0.3/lib/action_dispatch/middleware/templates/rescues/_trace.erb (0.9ms)
Rendered /Users/micah/.rvm/gems/ruby-1.8.7-p299/gems/actionpack-3.0.3/lib/action_dispatch/middleware/templates/rescues/_request_and_response.erb (318.4ms)
Rendered /Users/micah/.rvm/gems/ruby-1.8.7-p299/gems/actionpack-3.0.3/lib/action_dispatch/middleware/templates/rescues/diagnostics.erb within rescues/layout (324.4ms)
admin['$cmd'].find({:ismaster=>1}, {}).limit(-1)
admin['$cmd'].find({:ismaster=>1}, {}).limit(-1)


Started GET "/" for 127.0.0.1 at Sat Jan 22 22:57:55 -0800 2011
[Barista] Compiling all scripts for barista
[Barista] Compiling all coffeescripts
  Processing by MainController#index as HTML
Rendered main/index.html.haml within layouts/application (45.2ms)
Completed 200 OK in 57ms (Views: 56.1ms)


Started GET "/people/auth/facebook" for 127.0.0.1 at Sat Jan 22 22:57:58 -0800 2011
[Barista] Compiling all scripts for barista
[Barista] Compiling all coffeescripts


Started GET "/people/auth/facebook/callback?code=2.Q3ni3_Ai_H7x2TFc7V_KFQ__.3600.1295769600-682630020%7C8_O68SxZRjeT0DeFfi2uS2P4WyQ" for 127.0.0.1 at Sat Jan 22 22:57:58 -0800 2011
[Barista] Compiling all scripts for barista
[Barista] Compiling all coffeescripts
  Processing by People::OmniauthCallbacksController#facebook as HTML
  Parameters: {"code"=>"2.Q3ni3_Ai_H7x2TFc7V_KFQ__.3600.1295769600-682630020|8_O68SxZRjeT0DeFfi2uS2P4WyQ"}
admin['$cmd'].find({:ismaster=>1}, {}).limit(-1)
admin['$cmd'].find({:ismaster=>1}, {}).limit(-1)
chuckabuck_development['people'].find({:email=>nil}, {}).limit(-1)
Completed   in 100ms

Mongoid::Errors::Validations (Validation failed - Email can't be blank.):
  app/models/person.rb:33:in `find_for_facebook_oauth'
  app/controllers/people/omniauth_callbacks_controller.rb:3:in `facebook'

Rendered /Users/micah/.rvm/gems/ruby-1.8.7-p299/gems/actionpack-3.0.3/lib/action_dispatch/middleware/templates/rescues/_trace.erb (1.0ms)
Rendered /Users/micah/.rvm/gems/ruby-1.8.7-p299/gems/actionpack-3.0.3/lib/action_dispatch/middleware/templates/rescues/_request_and_response.erb (318.5ms)
Rendered /Users/micah/.rvm/gems/ruby-1.8.7-p299/gems/actionpack-3.0.3/lib/action_dispatch/middleware/templates/rescues/diagnostics.erb within rescues/layout (326.4ms)


Started GET "/people/auth/facebook/callback?code=2.Q3ni3_Ai_H7x2TFc7V_KFQ__.3600.1295769600-682630020%7C8_O68SxZRjeT0DeFfi2uS2P4WyQ" for 127.0.0.1 at Sat Jan 22 22:58:15 -0800 2011
[Barista] Compiling all scripts for barista
[Barista] Compiling all coffeescripts
  Processing by People::OmniauthCallbacksController#facebook as HTML
  Parameters: {"code"=>"2.Q3ni3_Ai_H7x2TFc7V_KFQ__.3600.1295769600-682630020|8_O68SxZRjeT0DeFfi2uS2P4WyQ"}
chuckabuck_development['people'].find({:email=>nil}, {}).limit(-1)
Completed   in 89ms

Mongoid::Errors::Validations (Validation failed - Email can't be blank.):
  app/models/person.rb:33:in `find_for_facebook_oauth'
  app/controllers/people/omniauth_callbacks_controller.rb:3:in `facebook'

Rendered /Users/micah/.rvm/gems/ruby-1.8.7-p299/gems/actionpack-3.0.3/lib/action_dispatch/middleware/templates/rescues/_trace.erb (1.2ms)
Rendered /Users/micah/.rvm/gems/ruby-1.8.7-p299/gems/actionpack-3.0.3/lib/action_dispatch/middleware/templates/rescues/_request_and_response.erb (356.1ms)
Rendered /Users/micah/.rvm/gems/ruby-1.8.7-p299/gems/actionpack-3.0.3/lib/action_dispatch/middleware/templates/rescues/diagnostics.erb within rescues/layout (362.6ms)


Started GET "/people/auth/facebook" for 127.0.0.1 at Sat Jan 22 22:58:22 -0800 2011
[Barista] Compiling all scripts for barista
[Barista] Compiling all coffeescripts


Started GET "/people/auth/facebook/callback?code=2.Q3ni3_Ai_H7x2TFc7V_KFQ__.3600.1295769600-682630020%7C8_O68SxZRjeT0DeFfi2uS2P4WyQ" for 127.0.0.1 at Sat Jan 22 22:58:23 -0800 2011
[Barista] Compiling all scripts for barista
[Barista] Compiling all coffeescripts
  Processing by People::OmniauthCallbacksController#facebook as HTML
  Parameters: {"code"=>"2.Q3ni3_Ai_H7x2TFc7V_KFQ__.3600.1295769600-682630020|8_O68SxZRjeT0DeFfi2uS2P4WyQ"}
chuckabuck_development['people'].find({:email=>nil}, {}).limit(-1)
Completed   in 96ms

Mongoid::Errors::Validations (Validation failed - Email can't be blank.):
  app/models/person.rb:33:in `find_for_facebook_oauth'
  app/controllers/people/omniauth_callbacks_controller.rb:3:in `facebook'

Rendered /Users/micah/.rvm/gems/ruby-1.8.7-p299/gems/actionpack-3.0.3/lib/action_dispatch/middleware/templates/rescues/_trace.erb (1.4ms)
Rendered /Users/micah/.rvm/gems/ruby-1.8.7-p299/gems/actionpack-3.0.3/lib/action_dispatch/middleware/templates/rescues/_request_and_response.erb (314.2ms)
Rendered /Users/micah/.rvm/gems/ruby-1.8.7-p299/gems/actionpack-3.0.3/lib/action_dispatch/middleware/templates/rescues/diagnostics.erb within rescues/layout (411.7ms)


Started GET "/people/auth/facebook/callback?code=2.Q3ni3_Ai_H7x2TFc7V_KFQ__.3600.1295769600-682630020%7C8_O68SxZRjeT0DeFfi2uS2P4WyQ" for 127.0.0.1 at Sat Jan 22 23:01:13 -0800 2011
[Barista] Compiling all scripts for barista
[Barista] Compiling all coffeescripts
  Processing by People::OmniauthCallbacksController#facebook as HTML
  Parameters: {"code"=>"2.Q3ni3_Ai_H7x2TFc7V_KFQ__.3600.1295769600-682630020|8_O68SxZRjeT0DeFfi2uS2P4WyQ"}
chuckabuck_development['people'].find({:email=>nil}, {}).limit(-1)
Completed   in 88ms

Mongoid::Errors::Validations (Validation failed - Email can't be blank.):
  app/models/person.rb:33:in `find_for_facebook_oauth'
  app/controllers/people/omniauth_callbacks_controller.rb:3:in `facebook'

Rendered /Users/micah/.rvm/gems/ruby-1.8.7-p299/gems/actionpack-3.0.3/lib/action_dispatch/middleware/templates/rescues/_trace.erb (1.0ms)
Rendered /Users/micah/.rvm/gems/ruby-1.8.7-p299/gems/actionpack-3.0.3/lib/action_dispatch/middleware/templates/rescues/_request_and_response.erb (267.8ms)
Rendered /Users/micah/.rvm/gems/ruby-1.8.7-p299/gems/actionpack-3.0.3/lib/action_dispatch/middleware/templates/rescues/diagnostics.erb within rescues/layout (274.1ms)


Started GET "/people/auth/facebook/callback?code=2.Q3ni3_Ai_H7x2TFc7V_KFQ__.3600.1295769600-682630020%7C8_O68SxZRjeT0DeFfi2uS2P4WyQ" for 127.0.0.1 at Sat Jan 22 23:01:17 -0800 2011
[Barista] Compiling all scripts for barista
[Barista] Compiling all coffeescripts
  Processing by People::OmniauthCallbacksController#facebook as HTML
  Parameters: {"code"=>"2.Q3ni3_Ai_H7x2TFc7V_KFQ__.3600.1295769600-682630020|8_O68SxZRjeT0DeFfi2uS2P4WyQ"}
chuckabuck_development['people'].find({:email=>nil}, {}).limit(-1)
Completed   in 88ms

Mongoid::Errors::Validations (Validation failed - Email can't be blank.):
  app/models/person.rb:33:in `find_for_facebook_oauth'
  app/controllers/people/omniauth_callbacks_controller.rb:3:in `facebook'

Rendered /Users/micah/.rvm/gems/ruby-1.8.7-p299/gems/actionpack-3.0.3/lib/action_dispatch/middleware/templates/rescues/_trace.erb (1.1ms)
Rendered /Users/micah/.rvm/gems/ruby-1.8.7-p299/gems/actionpack-3.0.3/lib/action_dispatch/middleware/templates/rescues/_request_and_response.erb (276.9ms)
Rendered /Users/micah/.rvm/gems/ruby-1.8.7-p299/gems/actionpack-3.0.3/lib/action_dispatch/middleware/templates/rescues/diagnostics.erb within rescues/layout (282.8ms)


Started GET "/people/auth/facebook" for 127.0.0.1 at Sat Jan 22 23:01:20 -0800 2011
[Barista] Compiling all scripts for barista
[Barista] Compiling all coffeescripts


Started GET "/people/auth/facebook/callback?code=2.Hhv_6__6GbK6jQs8a0bHtw__.3600.1295773200-682630020%7CJM9H6ZnADoexDrALhnklxYsjOTA" for 127.0.0.1 at Sat Jan 22 23:01:21 -0800 2011
[Barista] Compiling all scripts for barista
[Barista] Compiling all coffeescripts
  Processing by People::OmniauthCallbacksController#facebook as HTML
  Parameters: {"code"=>"2.Hhv_6__6GbK6jQs8a0bHtw__.3600.1295773200-682630020|JM9H6ZnADoexDrALhnklxYsjOTA"}
chuckabuck_development['people'].find({:email=>nil}, {}).limit(-1)
Completed   in 97ms

Mongoid::Errors::Validations (Validation failed - Email can't be blank.):
  app/models/person.rb:33:in `find_for_facebook_oauth'
  app/controllers/people/omniauth_callbacks_controller.rb:3:in `facebook'

Rendered /Users/micah/.rvm/gems/ruby-1.8.7-p299/gems/actionpack-3.0.3/lib/action_dispatch/middleware/templates/rescues/_trace.erb (1.0ms)
Rendered /Users/micah/.rvm/gems/ruby-1.8.7-p299/gems/actionpack-3.0.3/lib/action_dispatch/middleware/templates/rescues/_request_and_response.erb (313.6ms)
Rendered /Users/micah/.rvm/gems/ruby-1.8.7-p299/gems/actionpack-3.0.3/lib/action_dispatch/middleware/templates/rescues/diagnostics.erb within rescues/layout (320.3ms)
admin['$cmd'].find({:ismaster=>1}, {}).limit(-1)
admin['$cmd'].find({:ismaster=>1}, {}).limit(-1)


Started GET "/people/auth/facebook/callback?code=2.Hhv_6__6GbK6jQs8a0bHtw__.3600.1295773200-682630020%7CJM9H6ZnADoexDrALhnklxYsjOTA" for 127.0.0.1 at Sat Jan 22 23:05:04 -0800 2011
[Barista] Compiling all scripts for barista
[Barista] Compiling all coffeescripts
  Processing by People::OmniauthCallbacksController#facebook as HTML
  Parameters: {"code"=>"2.Hhv_6__6GbK6jQs8a0bHtw__.3600.1295773200-682630020|JM9H6ZnADoexDrALhnklxYsjOTA"}
admin['$cmd'].find({:ismaster=>1}, {}).limit(-1)
admin['$cmd'].find({:ismaster=>1}, {}).limit(-1)
chuckabuck_development['people'].find({:email=>nil}, {}).limit(-1)
Completed   in 252ms

Mongoid::Errors::Validations (Validation failed - Email can't be blank.):
  app/models/person.rb:33:in `find_for_facebook_oauth'
  app/controllers/people/omniauth_callbacks_controller.rb:3:in `facebook'

Rendered /Users/micah/.rvm/gems/ruby-1.8.7-p299/gems/actionpack-3.0.3/lib/action_dispatch/middleware/templates/rescues/_trace.erb (1.6ms)
Rendered /Users/micah/.rvm/gems/ruby-1.8.7-p299/gems/actionpack-3.0.3/lib/action_dispatch/middleware/templates/rescues/_request_and_response.erb (358.6ms)
Rendered /Users/micah/.rvm/gems/ruby-1.8.7-p299/gems/actionpack-3.0.3/lib/action_dispatch/middleware/templates/rescues/diagnostics.erb within rescues/layout (368.4ms)


Started GET "/people/auth/facebook" for 127.0.0.1 at Sat Jan 22 23:08:00 -0800 2011
[Barista] Compiling all scripts for barista
[Barista] Compiling all coffeescripts


Started GET "/people/auth/facebook/callback?code=480d7fa74b701de90f54d10f-682630020%7CN_OzIFPj2namImsRUPcFw1Dx6dI" for 127.0.0.1 at Sat Jan 22 23:08:21 -0800 2011
[Barista] Compiling all scripts for barista
[Barista] Compiling all coffeescripts
  Processing by People::OmniauthCallbacksController#facebook as HTML
  Parameters: {"code"=>"480d7fa74b701de90f54d10f-682630020|N_OzIFPj2namImsRUPcFw1Dx6dI"}
chuckabuck_development['people'].find({:email=>"winkelspecht@gmail.com"}, {}).limit(-1)
chuckabuck_development['$cmd'].find({"count"=>"people", "query"=>{:email=>/^winkelspecht@gmail\.com$/i}, "fields"=>nil}, {}).limit(-1)
MONGODB chuckabuck_development['people'].insert([{"encrypted_password"=>"$2a$10$LG7kUiVLwRWN49YvVOGsQexPj5oTwX5gY7K0zz88xrrKXImuTMFQy", "created_at"=>Sun Jan 23 07:08:23 UTC 2011, "updated_at"=>Sun Jan 23 07:08:23 UTC 2011, "_id"=>BSON::ObjectId('4d3bd3e7538523783a000002'), "admin"=>false, "sign_in_count"=>0, "password_salt"=>"", "email"=>"winkelspecht@gmail.com"}])
MONGODB chuckabuck_development['people'].update({"_id"=>BSON::ObjectId('4d3bd3e7538523783a000002')}, {"$set"=>{"last_sign_in_ip"=>"127.0.0.1", "last_sign_in_at"=>Sun Jan 23 07:08:23 UTC 2011, "sign_in_count"=>1, "current_sign_in_ip"=>"127.0.0.1", "current_sign_in_at"=>Sun Jan 23 07:08:23 UTC 2011}})
Redirected to http://local.chuck-a-buck.org:3000/
Completed 302 Found in 89ms


Started GET "/" for 127.0.0.1 at Sat Jan 22 23:08:23 -0800 2011
[Barista] Compiling all scripts for barista
[Barista] Compiling all coffeescripts
  Processing by MainController#index as HTML
chuckabuck_development['people'].find({:_id=>BSON::ObjectId('4d3bd3e7538523783a000002')}, {}).limit(-1)
Rendered main/index.html.haml within layouts/application (1262.7ms)
Completed 200 OK in 1270ms (Views: 1270.0ms)
admin['$cmd'].find({:ismaster=>1}, {}).limit(-1)
admin['$cmd'].find({:ismaster=>1}, {}).limit(-1)
admin['$cmd'].find({:ismaster=>1}, {}).limit(-1)
admin['$cmd'].find({:ismaster=>1}, {}).limit(-1)
chuckabuck_development['people'].find({}, {}).limit(-1)
